[2025-04-18T15:19:42.882Z] From User 2 to User 1: Ê
[2025-04-18T15:27:42.602Z] From User 2 to User 1: Ê
[2025-04-18T15:29:58.813Z] From User 2 to User 1: Ê
[2025-04-18T15:36:58.946Z] From User 2 to User 1: T
[2025-04-18T15:45:14.130Z] From User 2 to User 1: Ê
[2025-04-18T15:47:32.737Z] From User 2 to User 1: Hi
[2025-04-18T16:08:21.133Z] From User 1 to User 2: .
[2025-04-18T16:08:29.701Z] From User 1 to User 2: Mới tới hã
[2025-04-18T16:08:34.728Z] From User 1 to User 2: Có sao k
[2025-04-18T16:08:38.002Z] From User 1 to User 2: Hihi haha hôg
[2025-04-18T16:12:54.098Z] From User Gem to User Thảo: Ũa
[2025-04-18T16:30:41.689Z] From User Gem to User Thảo: U
[2025-04-18T16:34:28.121Z] From User Gem to User Thảo: V
[2025-04-18T17:53:28.526Z] From User Gem to User Thảo: G mới thấy 
[2025-04-18T17:53:33.611Z] From User Gem to User Thảo: .
[2025-04-18T17:55:03.868Z] From User Gem to User Thảo: K
[2025-04-18T18:06:35.657Z] From User Gem to User Thảo: 🥹
[2025-04-18T18:23:27.588Z] From User Thảo to User Gem: Không sao
[2025-04-18T19:24:42.888Z] From User Ngọc to User Gem: Ê
[2025-04-18T19:24:48.320Z] From User Ngọc to User Gem: Khoẻ k
[2025-04-18T19:25:09.433Z] From User Gem to User Ngọc: Khoẻ m
[2025-04-18T19:36:54.250Z] From User Gem to User Thảo: W
[2025-04-18T19:39:11.948Z] From User Gem to User Ngọc: sao
[2025-04-18T19:42:06.613Z] From User Gem to User Thảo: I
[2025-04-19T09:23:10.985Z] From User Thảo to User Tin: Ê ní
[2025-04-19T09:23:55.573Z] From User Tin to User Thảo: Sao
[2025-04-19T09:24:03.443Z] From User Thảo to User Tin: T
[2025-04-19T09:24:13.338Z] From User Tin to User Thảo: ọ
[2025-04-19T09:27:35.421Z] From User Thảo to User Tin: Biết
[2025-04-19T09:27:47.747Z] From User Tin to User Thảo: I
[2025-04-19T09:32:34.811Z] From User Tin to User Thảo: tin
[2025-04-19T09:32:37.660Z] From User Tin to User Thảo: E
[2025-04-19T09:32:41.700Z] From User Thảo to User Tin: C
[2025-04-19T09:32:44.347Z] From User Tin to User Thảo: D
[2025-04-19T09:35:01.739Z] From User Tin to User Thảo: D
[2025-04-19T09:35:09.366Z] From User Tin to User Thảo: ,
[2025-04-19T09:35:15.963Z] From User Thảo to User Tin:  G
[2025-04-19T09:35:28.735Z] From User Tin to User Thảo: A
[2025-04-19T09:37:15.590Z] From User Tin to User Thảo: Jd
[2025-04-19T09:37:21.757Z] From User Tin to User Thảo: Ccggv
[2025-04-19T09:37:25.118Z] From User Thảo to User Tin: V
[2025-04-19T09:38:43.305Z] From User Thảo to User Tin: F
[2025-04-19T09:38:50.241Z] From User Tin to User Thảo: S
[2025-04-19T09:39:47.337Z] From User Tin to User Thảo: D
[2025-04-19T09:40:11.215Z] From User Thảo to User Tin: V
[2025-04-19T09:40:16.899Z] From User Tin to User Thảo: Ba
[2025-04-19T09:44:48.055Z] From User Thảo to User Tin: C
[2025-04-19T09:44:49.760Z] From User Thảo to User Tin: H
[2025-04-19T09:44:51.507Z] From User Thảo to User Tin: H
[2025-04-19T09:44:54.993Z] From User Tin to User Thảo: D
[2025-04-19T09:44:56.479Z] From User Tin to User Thảo: Z
[2025-04-19T09:44:58.606Z] From User Tin to User Thảo: Zb
[2025-04-19T09:47:45.202Z] From User N to User Tin: Ê
[2025-04-19T09:47:51.806Z] From User N to User Thảo: D
[2025-04-19T09:47:58.632Z] From User N to User Tin: S
[2025-04-19T09:48:14.211Z] From User Tin to User N: Sao
[2025-04-19T09:48:43.257Z] From User N to User Tin: D
[2025-04-19T09:48:53.224Z] From User Tin to User N: Oke
[2025-04-19T09:48:58.311Z] From User N to User Tin: Gxh
[2025-04-19T09:49:10.334Z] From User Tin to User N: Bdbd
[2025-04-19T09:49:14.261Z] From User N to User Tin:  H
[2025-04-19T09:49:56.775Z] From User N to User Tin: V
[2025-04-19T09:51:05.402Z] From User N to User Tin: Hdh
[2025-04-19T09:54:47.361Z] From User Tin to User N: C
[2025-04-19T09:54:50.668Z] From User N to User Tin: X
[2025-04-19T09:55:19.839Z] From User Tin to User N: R
[2025-04-19T09:55:24.021Z] From User N to User Tin: V
[2025-04-19T09:55:29.189Z] From User N to User Tin: Bít ròi
[2025-04-19T09:56:28.809Z] From User N to User Tin: B
[2025-04-19T10:06:22.290Z] From User Tin to User N: T
[2025-04-19T10:11:49.624Z] From User N to User Tin: Uc
[2025-04-19T10:11:58.896Z] From User Tin to User N: Hshs
[2025-04-19T10:16:06.894Z] From User Tin to User N: Đ
[2025-04-19T10:17:44.387Z] From User Tin to User N: G
[2025-04-19T10:18:02.194Z] From User N to User Tin:  K
[2025-04-19T10:19:17.652Z] From User Tin to User N: F
[2025-04-19T10:19:31.994Z] From User Tin to User N: F
[2025-04-19T10:38:17.917Z] From User N to User Thảo: Wxwc
[2025-04-19T10:39:07.590Z] From User N to User Thảo:  Gf 
[2025-04-19T10:39:10.044Z] From User N to User Thảo:  Gch
[2025-04-19T10:40:15.986Z] From User N to User Tin: B
[2025-04-19T10:40:23.360Z] From User N to User Tin: B
[2025-04-19T10:44:36.763Z] From User N to User Tin: Bs
[2025-04-19T10:47:46.902Z] From User N to User Tin: C
[2025-04-19T11:03:05.694Z] From User N to User Tin: V
[2025-04-19T11:04:16.945Z] From User N to User Tin: G
[2025-04-19T11:04:52.967Z] From User N to User Tin: V
[2025-04-19T11:04:58.228Z] From User N to User Tin: Ê k coa nho
[2025-04-19T11:05:04.039Z] From User N to User Tin:  Nghĩ sao zọ
[2025-04-19T11:07:05.781Z] From User N to User Tin: xcv
[2025-04-19T11:07:28.842Z] From User N to User Tin: Vj
[2025-04-19T11:07:36.946Z] From User N to User Tin: F
[2025-04-19T11:10:08.752Z] From User N to User Tin: T
[2025-04-19T11:10:10.969Z] From User N to User Tin: U
[2025-04-19T11:15:14.035Z] From User N to User Tin: V
[2025-04-19T11:15:17.266Z] From User N to User Tin: J
[2025-04-19T11:15:19.359Z] From User N to User Tin: I
[2025-04-19T11:15:39.045Z] From User N to User Tin: H
[2025-04-19T11:15:42.642Z] From User N to User Tin: I
[2025-04-19T11:15:44.466Z] From User N to User Tin: I
[2025-04-19T11:15:49.982Z] From User N to User Tin: J
[2025-04-19T11:28:07.751Z] From User Tin to User Thảo: J
[2025-04-19T11:36:42.262Z] From User Tin to User N: Y
[2025-04-19T11:48:51.289Z] From User Tin to User Thảo: B
[2025-04-19T11:49:15.563Z] From User Tin to User N: Z
[2025-04-19T11:51:01.478Z] From User Tin to User N: J
[2025-04-19T11:57:05.721Z] From User Tin to User Thảo: F
[2025-04-19T11:57:10.886Z] From User Tin to User Thảo: Y
[2025-04-19T11:57:12.988Z] From User Tin to User Thảo: G
[2025-04-19T17:47:42.876Z] From User Nhân to User Tin: chào
[2025-04-19T17:51:41.403Z] From User Nhân to User Tin: hi
[2025-04-19T18:08:08.212Z] From User Tin to User Nhân: Chào
[2025-04-19T18:17:30.519Z] From User Tin to User Nhân: .
[2025-04-19T18:19:49.749Z] From User Tin to User Nhân: D
[2025-04-19T18:23:21.792Z] From User Tin to User Nhân: G
[2025-04-19T18:40:35.713Z] From User Tin to User Nhân: S
[2025-04-19T18:41:45.097Z] From User Tin to User Nhân: E
[2025-04-20T04:40:10.015Z] From User Tiên to User Nhân: chào bạn
[2025-04-20T04:40:12.539Z] From User Tiên to User Nhân: bdjdnsjx
[2025-04-20T04:43:37.104Z] From User Nhân to User Tiên: Hi
[2025-04-20T04:43:42.072Z] From User Nhân to User Tin: Oke
[2025-05-03T18:03:44.525Z] From User Gem to User t: Ê
[2025-05-03T19:11:02.226Z] From User Gem to User t: Snns
[2025-05-03T19:16:23.141Z] From User Gem to User t: Bz
[2025-05-03T19:16:28.717Z] From User Gem to User t: Omg
[2025-05-03T19:26:36.995Z] From User Ngọc to User Gem: Chào
[2025-05-03T19:26:40.859Z] From User Ngọc to User Gem: Khoẻ k
[2025-05-04T07:08:25.375Z] From User Gem to User Ngọc: Khoẻ nè
[2025-05-04T08:17:14.585Z] From User Gem to User t:  C
[2025-05-04T08:17:16.627Z] From User Gem to User t: Zk
[2025-05-04T08:17:19.370Z] From User Gem to User t: V
[2025-05-04T08:17:25.909Z] From User Gem to User t: Bzbx d
[2025-05-04T08:17:26.518Z] From User Gem to User t: Sjx
[2025-05-04T08:17:27.180Z] From User Gem to User t: Dn
[2025-05-04T08:17:27.846Z] From User Gem to User t: N
[2025-05-04T08:17:31.250Z] From User Gem to User t: Zk
[2025-05-04T08:17:33.091Z] From User Gem to User t: Znxk
[2025-05-04T08:17:33.901Z] From User Gem to User t: Kdkd
[2025-05-04T08:17:34.461Z] From User Gem to User t: Dj
[2025-05-04T08:17:35.044Z] From User Gem to User t: N
[2025-05-04T08:17:36.405Z] From User Gem to User t: N
[2025-05-04T08:17:38.062Z] From User Gem to User t: N
[2025-05-04T08:18:25.579Z] From User Gem to User t: X
[2025-05-04T08:55:11.445Z] From User Gem to User Nhân: alo
[2025-05-04T09:11:19.396Z] From User Gem to User Nhân:  Hf
[2025-05-04T09:11:52.751Z] From User Gem to User t: V
[2025-05-04T09:22:32.577Z] From User Gem to User t: B
[2025-05-04T09:22:44.617Z] From User Gem to User t: N
[2025-05-04T09:26:13.259Z] From User Gem to User Nhân: fs
[2025-05-04T09:26:14.820Z] From User Gem to User Nhân: U
[2025-05-04T09:26:16.377Z] From User Gem to User Nhân: dfs
[2025-05-04T09:37:42.851Z] From User Gem to User t: It is it is it y t tttt ttttttttt TT do to
[2025-05-04T09:37:52.122Z] From User Gem to User t: V
[2025-05-04T09:38:00.857Z] From User Gem to User t: C
[2025-05-04T09:38:40.294Z] From User Gem to User t: H
[2025-05-04T09:49:12.183Z] From User Gem to User t: J
[2025-05-04T09:49:16.690Z] From User Gem to User t: N
[2025-05-04T09:51:18.092Z] From User Gem to User t: H
[2025-05-04T09:57:49.144Z] From User Gem to User t: sdf
[2025-05-04T09:57:51.542Z] From User Gem to User t: sdf
[2025-05-04T09:57:53.425Z] From User Gem to User t: sdf
[2025-05-04T09:57:55.482Z] From User Gem to User t: sdf
[2025-05-04T09:57:57.654Z] From User Gem to User t: sdf
[2025-05-04T09:58:00.076Z] From User Gem to User t: sdf
[2025-05-04T10:02:13.314Z] From User Gem to User t: G
[2025-05-04T10:02:30.872Z] From User Gem to User t: V
[2025-05-04T10:02:45.956Z] From User Gem to User t: T
[2025-05-04T10:02:50.766Z] From User Gem to User t: G
[2025-05-04T10:13:48.617Z] From User Gem to User t: G
[2025-05-04T10:13:53.454Z] From User Gem to User t: Eee
[2025-05-04T10:14:11.989Z] From User Gem to User Nhân: H
[2025-05-04T10:14:13.842Z] From User Gem to User Nhân: J
[2025-05-04T10:14:19.354Z] From User Gem to User Ngọc: V
[2025-05-04T10:25:32.746Z] From User a to User t: q
[2025-05-04T10:25:35.379Z] From User a to User t: Y
[2025-05-04T10:25:37.399Z] From User a to User t: Y
[2025-05-04T10:25:48.578Z] From User a to User t: q
[2025-05-04T10:26:34.968Z] From User a to User t: q
[2025-05-04T10:26:57.055Z] From User a to User t: q
[2025-05-04T10:27:21.134Z] From User a to User t: q
[2025-05-04T10:27:26.506Z] From User a to User t: Y
[2025-05-04T10:27:32.160Z] From User a to User t: T
[2025-05-04T10:28:40.746Z] From User a to User t: sdf
[2025-05-04T10:28:46.284Z] From User a to User t: G
[2025-05-04T10:30:39.526Z] From User a to User Ngọc: q
[2025-05-04T10:30:47.964Z] From User a to User t: a
[2025-05-04T11:22:59.025Z] From User A to User Ngọc: Chào
[2025-05-04T11:23:04.858Z] From User A to User Ngọc: ???
[2025-05-04T11:57:37.692Z] From User A to User Ngọc: Bz
[2025-05-04T12:28:06.803Z] From User A to User Tiên: N
[2025-05-04T12:28:09.472Z] From User A to User Tiên: Biet
[2025-05-04T12:30:17.525Z] From User Nhânnn to User A: Chào
[2025-05-04T12:30:29.456Z] From User A to User Nhânnn: Oke
[2025-05-10T17:40:09.677Z] From User Gen to User Gem: Hi
[2025-05-10T17:42:40.982Z] From User Gem to User Gen: Hi
